[debug] [2024-04-08T02:14:29.538Z] ----------------------------------------------------------------------
[debug] [2024-04-08T02:14:29.540Z] Command:       D:\nodejs\node.exe C:\Users\maggi\AppData\Roaming\npm\node_modules\firebase-tools\lib\bin\firebase.js deploy
[debug] [2024-04-08T02:14:29.540Z] CLI Version:   11.27.0
[debug] [2024-04-08T02:14:29.540Z] Platform:      win32
[debug] [2024-04-08T02:14:29.541Z] Node Version:  v18.13.0
[debug] [2024-04-08T02:14:29.541Z] Time:          Mon Apr 08 2024 10:14:29 GMT+0800 (台北標準時間)
[debug] [2024-04-08T02:14:29.542Z] ----------------------------------------------------------------------
[debug] 
[debug] [2024-04-08T02:14:29.555Z] >>> [apiv2][query] GET https://firebase-public.firebaseio.com/cli.json [none]
[debug] [2024-04-08T02:14:29.674Z] > command requires scopes: ["email","openid","https://www.googleapis.com/auth/cloudplatformprojects.readonly","https://www.googleapis.com/auth/firebase","https://www.googleapis.com/auth/cloud-platform"]
[debug] [2024-04-08T02:14:29.674Z] > authorizing via signed-in user (qlz2231527@gmail.com)
[debug] [2024-04-08T02:14:29.674Z] [iam] checking project wanna-talk-e1162 for permissions ["firebase.projects.get","firebasehosting.sites.update"]
[debug] [2024-04-08T02:14:29.675Z] > refreshing access token with scopes: []
[debug] [2024-04-08T02:14:29.676Z] >>> [apiv2][query] POST https://www.googleapis.com/oauth2/v3/token [none]
[debug] [2024-04-08T02:14:29.676Z] >>> [apiv2][body] POST https://www.googleapis.com/oauth2/v3/token [omitted]
[debug] [2024-04-08T02:14:29.869Z] <<< [apiv2][status] POST https://www.googleapis.com/oauth2/v3/token 400
[debug] [2024-04-08T02:14:29.869Z] <<< [apiv2][body] POST https://www.googleapis.com/oauth2/v3/token [omitted]
[debug] [2024-04-08T02:14:29.870Z] >>> [apiv2][query] POST https://cloudresourcemanager.googleapis.com/v1/projects/wanna-talk-e1162:testIamPermissions [none]
[debug] [2024-04-08T02:14:29.870Z] >>> [apiv2][(partial)header] POST https://cloudresourcemanager.googleapis.com/v1/projects/wanna-talk-e1162:testIamPermissions x-goog-quota-user=projects/wanna-talk-e1162
[debug] [2024-04-08T02:14:29.870Z] >>> [apiv2][body] POST https://cloudresourcemanager.googleapis.com/v1/projects/wanna-talk-e1162:testIamPermissions {"permissions":["firebase.projects.get","firebasehosting.sites.update"]}
[debug] [2024-04-08T02:14:30.181Z] <<< [apiv2][status] GET https://firebase-public.firebaseio.com/cli.json 200
[debug] [2024-04-08T02:14:30.181Z] <<< [apiv2][body] GET https://firebase-public.firebaseio.com/cli.json {"cloudBuildErrorAfter":1594252800000,"cloudBuildWarnAfter":1590019200000,"defaultNode10After":1594252800000,"minVersion":"3.0.5","node8DeploysDisabledAfter":1613390400000,"node8RuntimeDisabledAfter":1615809600000,"node8WarnAfter":1600128000000}
[debug] [2024-04-08T02:14:30.799Z] <<< [apiv2][status] POST https://cloudresourcemanager.googleapis.com/v1/projects/wanna-talk-e1162:testIamPermissions 401
[debug] [2024-04-08T02:14:30.800Z] <<< [apiv2][body] POST https://cloudresourcemanager.googleapis.com/v1/projects/wanna-talk-e1162:testIamPermissions {"error":{"code":401,"message":"Request had invalid authentication credentials. Expected OAuth 2 access token, login cookie or other valid authentication credential. See https://developers.google.com/identity/sign-in/web/devconsole-project.","status":"UNAUTHENTICATED","details":[{"@type":"type.googleapis.com/google.rpc.ErrorInfo","reason":"ACCESS_TOKEN_TYPE_UNSUPPORTED","metadata":{"method":"google.cloudresourcemanager.v1.Projects.TestIamPermissions","service":"cloudresourcemanager.googleapis.com"}}]}}
[debug] [2024-04-08T02:14:30.800Z] [iam] error while checking permissions, command may fail: FirebaseError: HTTP Error: 401, Request had invalid authentication credentials. Expected OAuth 2 access token, login cookie or other valid authentication credential. See https://developers.google.com/identity/sign-in/web/devconsole-project.
[debug] [2024-04-08T02:14:30.801Z] > refreshing access token with scopes: []
[debug] [2024-04-08T02:14:30.801Z] >>> [apiv2][query] POST https://www.googleapis.com/oauth2/v3/token [none]
[debug] [2024-04-08T02:14:30.801Z] >>> [apiv2][body] POST https://www.googleapis.com/oauth2/v3/token [omitted]
[debug] [2024-04-08T02:14:30.944Z] <<< [apiv2][status] POST https://www.googleapis.com/oauth2/v3/token 400
[debug] [2024-04-08T02:14:30.944Z] <<< [apiv2][body] POST https://www.googleapis.com/oauth2/v3/token [omitted]
[debug] [2024-04-08T02:14:30.945Z] >>> [apiv2][query] GET https://firebase.googleapis.com/v1beta1/projects/wanna-talk-e1162 [none]
[debug] [2024-04-08T02:14:31.121Z] <<< [apiv2][status] GET https://firebase.googleapis.com/v1beta1/projects/wanna-talk-e1162 401
[debug] [2024-04-08T02:14:31.121Z] <<< [apiv2][body] GET https://firebase.googleapis.com/v1beta1/projects/wanna-talk-e1162 {"error":{"code":401,"message":"Request had invalid authentication credentials. Expected OAuth 2 access token, login cookie or other valid authentication credential. See https://developers.google.com/identity/sign-in/web/devconsole-project.","status":"UNAUTHENTICATED"}}
[debug] [2024-04-08T02:14:31.121Z] HTTP Error: 401, Request had invalid authentication credentials. Expected OAuth 2 access token, login cookie or other valid authentication credential. See https://developers.google.com/identity/sign-in/web/devconsole-project.
[debug] [2024-04-08T02:14:31.451Z] FirebaseError: HTTP Error: 401, Request had invalid authentication credentials. Expected OAuth 2 access token, login cookie or other valid authentication credential. See https://developers.google.com/identity/sign-in/web/devconsole-project.
    at responseToError (C:\Users\maggi\AppData\Roaming\npm\node_modules\firebase-tools\lib\responseToError.js:49:12)
    at RetryOperation._fn (C:\Users\maggi\AppData\Roaming\npm\node_modules\firebase-tools\lib\apiv2.js:288:77)
    at process.processTicksAndRejections (node:internal/process/task_queues:95:5)
[error] 
[error] Error: Failed to get Firebase project wanna-talk-e1162. Please make sure the project exists and your account has permission to access it.
